2022-11-29 20:13:27.104 [main] INFO  com.atguigu.eduservice.EduApplication - Starting EduApplication on DESKTOP-68DULHG with PID 816 (started by tllll in G:\OneDrive - hdu.edu.cn\JAVA\Online_edu)
2022-11-29 20:13:27.107 [main] INFO  com.atguigu.eduservice.EduApplication - The following profiles are active: dev
2022-11-29 20:13:28.523 [main] INFO  o.s.d.r.config.RepositoryConfigurationDelegate - Multiple Spring Data modules found, entering strict repository configuration mode!
2022-11-29 20:13:28.526 [main] INFO  o.s.d.r.config.RepositoryConfigurationDelegate - Bootstrapping Spring Data repositories in DEFAULT mode.
2022-11-29 20:13:28.554 [main] INFO  o.s.d.r.config.RepositoryConfigurationDelegate - Finished Spring Data repository scanning in 13ms. Found 0 repository interfaces.
2022-11-29 20:13:28.762 [main] INFO  o.s.c.s.PostProcessorRegistrationDelegate$BeanPostProcessorChecker - Bean 'org.springframework.transaction.annotation.ProxyTransactionManagementConfiguration' of type [org.springframework.transaction.annotation.ProxyTransactionManagementConfiguration] is not eligible for getting processed by all BeanPostProcessors (for example: not eligible for auto-proxying)
2022-11-29 20:13:28.944 [main] INFO  o.s.boot.web.embedded.tomcat.TomcatWebServer - Tomcat initialized with port(s): 8001 (http)
2022-11-29 20:13:28.951 [main] INFO  org.apache.coyote.http11.Http11NioProtocol - Initializing ProtocolHandler ["http-nio-8001"]
2022-11-29 20:13:28.952 [main] INFO  org.apache.catalina.core.StandardService - Starting service [Tomcat]
2022-11-29 20:13:28.952 [main] INFO  org.apache.catalina.core.StandardEngine - Starting Servlet engine: [Apache Tomcat/9.0.27]
2022-11-29 20:13:29.327 [main] INFO  o.a.c.core.ContainerBase.[Tomcat].[localhost].[/] - Initializing Spring embedded WebApplicationContext
2022-11-29 20:13:29.327 [main] INFO  org.springframework.web.context.ContextLoader - Root WebApplicationContext: initialization completed in 2188 ms
2022-11-29 20:13:29.460 [main] INFO  com.zaxxer.hikari.HikariDataSource - HikariPool-1 - Starting...
2022-11-29 20:13:29.828 [main] INFO  com.zaxxer.hikari.HikariDataSource - HikariPool-1 - Start completed.
2022-11-29 20:13:30.262 [main] INFO  s.d.s.w.PropertySourcedRequestMappingHandlerMapping - Mapped URL path [/v2/api-docs] onto method [springfox.documentation.swagger2.web.Swagger2Controller#getDocumentation(String, HttpServletRequest)]
2022-11-29 20:13:30.334 [main] INFO  o.s.scheduling.concurrent.ThreadPoolTaskExecutor - Initializing ExecutorService 'applicationTaskExecutor'
2022-11-29 20:13:30.652 [main] INFO  s.d.s.web.plugins.DocumentationPluginsBootstrapper - Context refreshed
2022-11-29 20:13:30.662 [main] INFO  s.d.s.web.plugins.DocumentationPluginsBootstrapper - Found 1 custom documentation plugin(s)
2022-11-29 20:13:30.688 [main] INFO  s.d.spring.web.scanners.ApiListingReferenceScanner - Scanning for api listing references
2022-11-29 20:13:30.796 [main] INFO  org.apache.coyote.http11.Http11NioProtocol - Starting ProtocolHandler ["http-nio-8001"]
2022-11-29 20:13:30.814 [main] INFO  o.s.boot.web.embedded.tomcat.TomcatWebServer - Tomcat started on port(s): 8001 (http) with context path ''
2022-11-29 20:13:30.817 [main] INFO  com.atguigu.eduservice.EduApplication - Started EduApplication in 4.127 seconds (JVM running for 6.852)
2022-11-29 20:13:38.808 [main] INFO  com.atguigu.oss.OssApplication - Starting OssApplication on DESKTOP-68DULHG with PID 14948 (started by tllll in G:\OneDrive - hdu.edu.cn\JAVA\Online_edu)
2022-11-29 20:13:38.810 [main] INFO  com.atguigu.oss.OssApplication - The following profiles are active: dev
2022-11-29 20:13:39.267 [main] INFO  o.s.d.r.config.RepositoryConfigurationDelegate - Multiple Spring Data modules found, entering strict repository configuration mode!
2022-11-29 20:13:39.268 [main] INFO  o.s.d.r.config.RepositoryConfigurationDelegate - Bootstrapping Spring Data repositories in DEFAULT mode.
2022-11-29 20:13:39.283 [main] INFO  o.s.d.r.config.RepositoryConfigurationDelegate - Finished Spring Data repository scanning in 8ms. Found 0 repository interfaces.
2022-11-29 20:13:39.493 [main] INFO  o.s.boot.web.embedded.tomcat.TomcatWebServer - Tomcat initialized with port(s): 8002 (http)
2022-11-29 20:13:39.498 [main] INFO  org.apache.coyote.http11.Http11NioProtocol - Initializing ProtocolHandler ["http-nio-8002"]
2022-11-29 20:13:39.499 [main] INFO  org.apache.catalina.core.StandardService - Starting service [Tomcat]
2022-11-29 20:13:39.499 [main] INFO  org.apache.catalina.core.StandardEngine - Starting Servlet engine: [Apache Tomcat/9.0.27]
2022-11-29 20:13:39.568 [main] INFO  o.a.c.core.ContainerBase.[Tomcat].[localhost].[/] - Initializing Spring embedded WebApplicationContext
2022-11-29 20:13:39.569 [main] INFO  org.springframework.web.context.ContextLoader - Root WebApplicationContext: initialization completed in 737 ms
2022-11-29 20:13:39.785 [main] INFO  s.d.s.w.PropertySourcedRequestMappingHandlerMapping - Mapped URL path [/v2/api-docs] onto method [springfox.documentation.swagger2.web.Swagger2Controller#getDocumentation(String, HttpServletRequest)]
2022-11-29 20:13:39.842 [main] INFO  o.s.scheduling.concurrent.ThreadPoolTaskExecutor - Initializing ExecutorService 'applicationTaskExecutor'
2022-11-29 20:13:40.049 [main] INFO  s.d.s.web.plugins.DocumentationPluginsBootstrapper - Context refreshed
2022-11-29 20:13:40.056 [main] INFO  s.d.s.web.plugins.DocumentationPluginsBootstrapper - Found 1 custom documentation plugin(s)
2022-11-29 20:13:40.073 [main] INFO  s.d.spring.web.scanners.ApiListingReferenceScanner - Scanning for api listing references
2022-11-29 20:13:40.169 [main] INFO  org.apache.coyote.http11.Http11NioProtocol - Starting ProtocolHandler ["http-nio-8002"]
2022-11-29 20:13:40.181 [main] INFO  o.s.boot.web.embedded.tomcat.TomcatWebServer - Tomcat started on port(s): 8002 (http) with context path ''
2022-11-29 20:13:40.183 [main] INFO  com.atguigu.oss.OssApplication - Started OssApplication in 1.672 seconds (JVM running for 2.445)
2022-11-29 20:14:20.085 [http-nio-8001-exec-1] INFO  o.a.c.core.ContainerBase.[Tomcat].[localhost].[/] - Initializing Spring DispatcherServlet 'dispatcherServlet'
2022-11-29 20:14:20.085 [http-nio-8001-exec-1] INFO  org.springframework.web.servlet.DispatcherServlet - Initializing Servlet 'dispatcherServlet'
2022-11-29 20:14:20.089 [http-nio-8001-exec-1] INFO  org.springframework.web.servlet.DispatcherServlet - Completed initialization in 4 ms
2022-11-29 22:08:10.634 [SpringContextShutdownHook] INFO  o.s.scheduling.concurrent.ThreadPoolTaskExecutor - Shutting down ExecutorService 'applicationTaskExecutor'
2022-11-29 22:08:10.642 [SpringContextShutdownHook] INFO  com.zaxxer.hikari.HikariDataSource - HikariPool-1 - Shutdown initiated...
2022-11-29 22:08:10.647 [SpringContextShutdownHook] INFO  com.zaxxer.hikari.HikariDataSource - HikariPool-1 - Shutdown completed.
2022-11-29 22:08:12.171 [SpringContextShutdownHook] INFO  o.s.scheduling.concurrent.ThreadPoolTaskExecutor - Shutting down ExecutorService 'applicationTaskExecutor'
